<?xml version="1.0" encoding="UTF-8"?>
<!-- Generated by org.testng.reporters.JUnitReportReporter -->
<testsuite hostname="DESKTOP-OV5B7M2" failures="0" tests="1" name="test.alltest" time="5.434" errors="0" timestamp="2023-09-06T16:16:42 IST" skipped="0">
  <testcase classname="test.alltest" name="pageInput" time="5.434"/>
  <system-out/>
</testsuite> <!-- test.alltest -->
